SF:lib/components/button.dart
DA:18,4
DA:29,4
DA:31,4
DA:33,4
DA:34,8
DA:36,4
DA:37,4
DA:38,4
DA:39,8
DA:40,4
DA:41,8
DA:42,12
DA:44,4
DA:45,4
DA:48,4
DA:49,7
DA:51,3
DA:52,6
DA:57,4
DA:59,8
DA:60,4
DA:61,4
DA:62,8
DA:63,8
DA:64,4
DA:68,12
DA:69,12
DA:72,4
DA:73,4
DA:74,4
DA:75,8
DA:76,8
DA:77,8
DA:78,8
DA:81,4
LF:35
LH:35
end_of_record
SF:lib/screens/analysis/analysis.dart
DA:14,8
DA:16,4
DA:17,4
DA:22,4
DA:25,4
DA:27,4
DA:28,4
DA:29,8
DA:30,16
DA:33,4
DA:35,4
DA:36,4
DA:40,4
DA:41,4
DA:46,4
DA:47,4
DA:48,4
DA:49,12
DA:50,12
DA:51,12
DA:56,4
DA:57,4
DA:60,4
DA:62,4
LF:24
LH:24
end_of_record
SF:lib/screens/journal/journal.dart
DA:18,4
DA:20,4
DA:21,4
DA:30,4
DA:33,4
DA:35,4
DA:37,4
DA:39,4
DA:40,4
DA:42,4
DA:43,4
DA:44,4
DA:45,4
DA:46,4
DA:48,4
DA:49,0
DA:50,0
DA:51,0
DA:54,8
DA:55,4
DA:56,4
DA:57,4
DA:58,4
DA:62,4
DA:64,4
DA:65,4
DA:66,4
DA:70,1
DA:71,1
DA:74,4
DA:75,4
DA:76,4
DA:77,2
DA:78,2
DA:79,4
DA:80,2
DA:81,6
DA:82,2
DA:84,2
DA:85,2
DA:86,2
DA:96,4
DA:98,4
DA:99,4
DA:100,4
DA:101,4
DA:102,4
DA:103,0
DA:104,0
DA:105,8
DA:107,4
DA:114,4
DA:115,4
DA:116,4
DA:117,4
DA:118,4
DA:120,4
DA:123,2
DA:125,2
DA:126,2
DA:127,2
DA:134,4
DA:135,0
DA:136,0
DA:137,0
DA:145,4
DA:146,0
DA:147,0
DA:148,0
DA:149,0
DA:151,0
DA:152,0
DA:153,0
DA:154,0
DA:156,0
DA:157,0
DA:158,0
DA:159,0
DA:167,1
DA:168,1
DA:170,1
DA:172,1
DA:173,1
DA:175,2
DA:176,2
DA:177,1
DA:182,0
DA:183,0
DA:185,0
DA:187,0
DA:192,0
DA:194,0
DA:195,0
DA:198,0
DA:199,0
DA:200,0
DA:202,0
DA:203,0
DA:205,0
DA:209,0
DA:211,0
DA:212,0
DA:215,0
DA:217,0
DA:218,0
DA:219,0
DA:221,0
DA:222,0
DA:224,0
DA:228,0
DA:231,0
DA:232,0
DA:233,0
DA:235,0
DA:236,0
DA:237,0
DA:239,0
DA:244,0
DA:245,0
DA:246,0
DA:247,0
DA:249,0
DA:250,0
DA:251,0
DA:252,0
DA:253,0
DA:254,0
DA:255,0
DA:257,0
DA:258,0
LF:130
LH:66
end_of_record
SF:lib/screens/journal/journal_entry.dart
DA:25,2
DA:30,2
DA:32,2
DA:34,10
DA:36,2
DA:37,0
DA:38,0
DA:40,0
DA:41,0
DA:44,2
DA:45,2
DA:46,2
DA:47,1
DA:48,1
DA:51,1
DA:54,1
DA:55,0
DA:56,0
DA:57,0
DA:62,3
DA:63,2
DA:64,2
DA:65,1
DA:66,2
DA:67,2
DA:68,0
DA:69,0
DA:71,0
DA:72,0
DA:74,0
DA:75,0
DA:77,0
DA:78,0
DA:80,0
DA:81,0
DA:82,0
DA:84,2
DA:92,0
DA:93,0
DA:96,2
DA:97,4
DA:98,2
DA:99,1
DA:100,1
DA:101,1
DA:102,1
DA:103,4
DA:106,1
DA:108,1
DA:109,3
DA:112,2
DA:113,4
DA:114,2
DA:116,2
DA:117,2
DA:122,2
DA:125,2
DA:126,2
DA:127,4
DA:128,4
DA:129,4
DA:142,2
DA:144,2
DA:146,4
DA:147,2
DA:148,4
DA:149,2
DA:151,2
DA:152,2
DA:153,2
DA:154,8
DA:155,4
DA:158,2
DA:159,2
DA:161,2
DA:162,2
DA:163,6
DA:165,2
DA:166,14
DA:172,2
DA:173,2
DA:174,8
DA:175,4
DA:186,2
DA:188,2
DA:190,2
DA:192,4
DA:199,2
DA:201,2
DA:203,4
DA:205,2
DA:207,2
DA:211,2
DA:212,2
DA:213,2
DA:214,2
DA:215,2
DA:218,7
DA:219,4
DA:220,6
LF:100
LH:80
end_of_record
SF:lib/screens/journal/journal_entry_detail_view/journal_entry_detail_view.dart
DA:11,2
DA:13,2
DA:14,2
DA:18,2
DA:20,2
DA:22,2
DA:24,2
DA:25,8
DA:26,2
DA:27,6
DA:28,2
DA:29,2
DA:30,2
DA:31,2
DA:32,2
LF:15
LH:15
end_of_record
SF:lib/screens/tracking/tracking.dart
DA:9,4
DA:11,4
DA:13,4
DA:19,4
DA:22,4
DA:24,4
DA:26,4
DA:27,4
DA:28,4
DA:30,4
DA:31,8
LF:11
LH:11
end_of_record
SF:lib/screens/trekko_app.dart
DA:16,4
DA:22,4
DA:24,4
DA:25,4
DA:33,20
DA:35,4
DA:37,4
DA:38,8
DA:39,4
DA:40,12
DA:41,4
DA:42,16
DA:43,4
DA:44,12
DA:48,4
DA:50,4
DA:52,4
DA:53,4
DA:54,8
DA:55,4
DA:56,4
DA:57,4
DA:59,3
DA:61,6
DA:63,4
DA:64,12
DA:65,4
DA:66,4
DA:68,8
DA:72,4
DA:74,4
DA:76,4
DA:77,4
DA:79,4
DA:80,12
DA:81,4
DA:82,4
DA:85,4
LF:38
LH:38
end_of_record
SF:lib/app_theme.dart
DA:5,4
DA:6,4
DA:8,4
DA:9,4
DA:10,4
DA:38,2
DA:43,1
DA:47,8
DA:52,4
DA:56,8
DA:60,4
DA:64,8
DA:68,4
DA:72,8
DA:79,6
DA:86,8
DA:93,8
LF:17
LH:17
end_of_record
SF:lib/components/constants/transport_design.dart
DA:7,12
DA:17,12
DA:27,12
DA:37,4
DA:38,8
DA:41,4
DA:42,8
DA:45,4
DA:46,8
LF:9
LH:9
end_of_record
SF:lib/components/maps/main_map.dart
DA:6,4
DA:8,4
DA:9,4
DA:16,4
DA:18,4
DA:19,8
DA:20,4
DA:23,4
DA:25,4
DA:27,4
DA:28,4
DA:29,4
DA:30,4
DA:32,4
DA:33,4
DA:47,4
DA:49,8
DA:50,4
DA:53,4
DA:54,16
DA:55,0
DA:56,0
DA:60,4
LF:23
LH:21
end_of_record
SF:lib/trekko_provider.dart
DA:7,4
DA:8,4
DA:10,3
DA:12,9
DA:15,4
DA:16,8
LF:6
LH:6
end_of_record
SF:lib/components/maps/trip_map.dart
DA:11,4
DA:13,2
DA:14,2
DA:21,2
DA:22,2
DA:23,4
DA:26,2
DA:28,4
DA:29,2
DA:30,2
DA:33,2
DA:35,2
DA:37,2
DA:38,2
DA:39,2
DA:41,2
DA:52,2
DA:53,8
DA:54,4
DA:55,8
DA:56,2
DA:58,4
DA:60,4
DA:61,8
DA:62,6
DA:63,4
DA:64,2
DA:68,2
DA:70,4
DA:71,2
DA:74,2
LF:31
LH:31
end_of_record
SF:lib/components/page_control.dart
DA:7,4
DA:9,4
DA:11,4
DA:12,4
DA:19,4
DA:21,8
DA:22,4
DA:25,0
DA:26,0
DA:27,0
DA:31,4
DA:33,8
DA:35,4
DA:36,4
DA:37,4
DA:40,4
DA:41,4
DA:42,4
DA:43,16
DA:44,4
DA:48,4
DA:51,4
DA:54,4
DA:55,4
DA:56,4
DA:58,4
DA:64,4
DA:65,4
DA:68,4
DA:69,12
DA:70,8
DA:74,4
DA:76,8
LF:33
LH:30
end_of_record
SF:lib/components/path_showcase.dart
DA:9,4
DA:10,8
DA:13,2
DA:15,2
DA:16,2
DA:17,2
DA:19,2
DA:20,2
DA:21,4
DA:22,2
DA:24,6
DA:25,4
DA:27,4
LF:13
LH:13
end_of_record
SF:lib/components/picker/kilometer_picker.dart
DA:10,2
DA:14,2
DA:16,2
DA:17,2
DA:21,2
DA:23,2
DA:24,2
DA:25,2
DA:26,2
DA:30,2
DA:32,2
DA:35,4
DA:36,2
DA:37,6
DA:38,2
DA:41,2
DA:43,2
DA:44,2
DA:47,0
DA:48,0
DA:49,0
DA:54,0
DA:55,0
DA:59,0
LF:24
LH:18
end_of_record
SF:lib/components/responses/text_response.dart
DA:18,2
DA:28,6
DA:29,6
DA:30,8
DA:33,2
DA:34,2
DA:40,2
DA:42,2
DA:43,6
DA:46,2
DA:47,4
DA:48,0
DA:49,6
DA:50,0
DA:51,0
DA:53,0
DA:54,0
DA:56,8
DA:60,2
DA:62,8
DA:63,0
DA:65,2
DA:67,2
DA:70,2
DA:72,2
DA:74,0
DA:75,0
DA:79,6
DA:80,2
DA:84,2
DA:85,2
DA:86,4
DA:90,2
DA:92,2
DA:93,2
DA:94,2
DA:96,2
DA:97,12
DA:98,2
DA:99,0
DA:100,0
DA:102,2
DA:104,2
DA:105,4
DA:106,4
DA:113,6
DA:114,4
DA:116,4
DA:117,4
DA:118,4
DA:120,2
DA:122,2
DA:124,2
DA:125,4
DA:126,2
DA:133,2
DA:135,2
DA:136,2
LF:58
LH:48
end_of_record
SF:lib/components/picker/setting_picker.dart
DA:8,0
DA:10,0
DA:12,0
DA:15,0
DA:16,0
DA:17,0
DA:19,0
DA:24,0
DA:27,0
DA:31,0
DA:33,0
DA:34,0
DA:35,0
LF:13
LH:0
end_of_record
SF:lib/components/picker/time_picker.dart
DA:10,2
DA:17,2
DA:19,2
DA:20,2
DA:22,2
DA:23,2
DA:30,2
DA:32,2
DA:33,6
DA:34,6
DA:37,1
DA:38,1
DA:40,2
DA:43,1
DA:44,1
DA:45,1
DA:47,1
DA:50,1
DA:52,1
DA:53,0
DA:54,0
DA:55,0
DA:58,2
DA:59,2
DA:64,1
DA:66,1
DA:67,2
DA:68,2
DA:70,4
DA:71,2
DA:80,2
DA:82,2
DA:84,2
DA:87,2
DA:90,2
DA:91,22
DA:92,4
LF:37
LH:34
end_of_record
SF:lib/components/responses/multi_select_response.dart
DA:15,1
DA:24,1
DA:25,1
DA:31,1
DA:33,1
DA:34,4
DA:37,1
DA:39,1
DA:40,1
DA:43,1
DA:45,1
DA:47,0
DA:48,0
DA:52,3
DA:53,1
DA:57,1
DA:58,4
DA:59,2
DA:63,1
DA:64,1
DA:67,1
DA:68,2
DA:69,1
DA:70,4
DA:71,2
DA:74,2
DA:75,0
DA:76,0
DA:77,0
DA:79,0
DA:80,0
DA:84,1
DA:85,2
DA:86,2
DA:87,0
DA:89,2
LF:36
LH:28
end_of_record
SF:lib/components/text_input.dart
DA:10,1
DA:17,1
DA:19,1
DA:21,1
DA:22,3
DA:24,1
DA:27,1
DA:28,1
DA:29,1
DA:30,1
DA:31,1
DA:33,1
DA:36,1
LF:13
LH:13
end_of_record
SF:lib/main.dart
DA:9,0
DA:10,0
DA:11,0
DA:13,0
DA:15,0
DA:18,0
DA:20,0
DA:24,1
DA:25,2
DA:28,1
DA:29,4
LF:11
LH:4
end_of_record
SF:lib/screens/onboarding/login_app.dart
DA:17,1
DA:19,0
DA:20,0
DA:23,1
DA:25,1
DA:26,0
DA:27,1
DA:28,1
DA:29,3
DA:30,1
DA:31,1
DA:32,1
DA:36,1
DA:40,2
DA:41,1
DA:45,1
DA:47,1
LF:17
LH:14
end_of_record
SF:lib/screens/analysis/barchart.dart
DA:17,0
DA:23,4
DA:25,0
DA:26,0
DA:30,0
DA:31,0
DA:32,0
DA:33,0
DA:34,0
DA:35,0
DA:38,0
DA:40,0
DA:42,0
DA:43,0
DA:44,0
DA:46,0
DA:48,0
DA:52,0
DA:55,0
DA:56,0
DA:57,0
DA:58,0
DA:59,0
DA:61,0
DA:63,0
DA:70,0
DA:72,0
DA:73,0
DA:74,0
DA:75,0
DA:77,0
DA:78,0
DA:79,0
DA:81,0
DA:82,0
DA:83,0
DA:85,0
DA:86,0
DA:87,0
DA:89,0
DA:91,0
DA:92,0
DA:93,0
DA:95,0
DA:96,0
DA:97,0
DA:100,0
DA:101,0
DA:104,0
DA:105,0
DA:111,0
DA:126,0
DA:127,0
DA:134,0
DA:135,0
DA:137,0
DA:138,0
DA:141,0
DA:144,0
DA:145,0
DA:146,0
DA:147,0
DA:150,0
DA:155,0
DA:158,0
DA:160,0
DA:161,0
DA:162,0
DA:163,0
DA:165,0
DA:166,0
DA:167,0
DA:171,0
DA:173,0
DA:174,0
DA:175,0
DA:177,0
DA:178,0
DA:180,0
DA:181,0
DA:182,0
DA:184,0
DA:185,0
DA:188,0
DA:189,0
DA:190,0
DA:197,0
DA:198,0
DA:199,0
DA:200,0
DA:206,0
DA:211,0
DA:218,0
DA:225,0
DA:226,0
LF:95
LH:1
end_of_record
SF:lib/screens/analysis/basic_chart.dart
DA:14,4
DA:16,0
DA:17,0
DA:18,0
DA:19,0
DA:20,0
DA:23,0
DA:25,0
DA:26,0
DA:28,0
DA:29,0
DA:32,0
DA:34,0
DA:37,0
DA:38,0
DA:39,0
DA:41,0
DA:45,0
DA:46,0
DA:47,0
DA:48,0
DA:50,0
DA:51,0
DA:52,0
DA:56,0
DA:59,0
LF:26
LH:1
end_of_record
SF:lib/screens/analysis/piechart.dart
DA:16,4
DA:17,4
DA:21,4
DA:25,4
DA:26,12
DA:27,16
DA:28,18
DA:32,4
DA:33,4
DA:34,8
DA:35,16
DA:36,4
DA:37,4
DA:39,2
DA:41,8
DA:43,8
DA:51,4
DA:52,4
DA:54,4
DA:55,4
DA:58,4
DA:61,4
DA:62,4
DA:63,4
DA:64,4
DA:67,8
DA:71,4
DA:73,4
DA:75,4
DA:76,4
DA:77,4
DA:78,4
DA:79,4
DA:80,4
DA:81,4
DA:84,4
DA:87,4
DA:88,0
DA:94,4
DA:95,8
DA:96,4
DA:97,4
DA:102,4
DA:103,4
DA:105,4
DA:109,4
DA:112,4
DA:113,4
DA:114,4
DA:115,4
DA:116,4
DA:125,4
DA:127,28
DA:128,12
DA:129,4
DA:131,4
DA:132,4
DA:133,4
DA:134,4
DA:135,0
DA:137,4
LF:61
LH:59
end_of_record
SF:lib/screens/analysis/vehicle_data.dart
DA:20,4
DA:22,4
DA:23,8
DA:24,16
DA:27,4
DA:29,4
DA:30,4
DA:31,4
DA:32,4
DA:33,2
DA:34,4
DA:36,4
DA:39,4
DA:42,8
DA:49,4
DA:51,4
DA:52,4
DA:54,4
DA:56,4
DA:59,4
DA:61,4
DA:62,12
DA:64,4
DA:67,4
DA:68,12
DA:69,12
DA:70,12
DA:74,4
DA:76,4
DA:78,4
DA:79,4
DA:80,4
DA:81,4
DA:82,8
DA:84,8
DA:87,4
DA:88,8
DA:89,8
DA:90,8
DA:96,4
DA:98,4
DA:99,8
DA:100,14
DA:102,6
DA:104,4
DA:106,4
DA:107,8
DA:108,14
DA:109,4
DA:110,6
DA:112,4
DA:114,4
DA:115,8
DA:116,14
DA:117,4
DA:118,6
DA:120,4
DA:122,4
DA:123,8
DA:124,12
DA:125,4
DA:126,6
LF:62
LH:62
end_of_record
SF:lib/screens/analysis/attribute_row.dart
DA:8,4
DA:10,4
DA:12,4
DA:13,4
DA:15,4
DA:16,4
DA:19,4
DA:21,4
DA:22,4
DA:23,4
DA:24,4
DA:26,4
LF:12
LH:12
end_of_record
SF:lib/screens/analysis/basicchart_row.dart
DA:11,0
DA:13,0
DA:15,0
DA:17,0
DA:19,0
DA:20,0
DA:23,0
DA:24,0
DA:25,0
DA:26,0
DA:28,0
DA:31,0
DA:32,0
DA:33,0
DA:34,0
DA:38,0
LF:16
LH:0
end_of_record
SF:lib/screens/analysis/legend_indicator.dart
DA:8,4
DA:9,4
DA:11,4
DA:13,4
DA:15,4
DA:16,4
DA:19,4
DA:21,4
DA:25,8
DA:26,8
DA:27,4
LF:11
LH:11
end_of_record
SF:lib/screens/journal/donation_modal.dart
DA:17,2
DA:19,1
DA:20,1
DA:25,1
DA:30,1
DA:32,1
DA:34,1
DA:39,1
DA:41,1
DA:43,2
DA:44,1
DA:45,1
DA:47,1
DA:57,1
DA:60,1
DA:64,1
DA:65,1
DA:66,1
DA:77,1
DA:78,1
DA:79,2
DA:80,1
DA:81,1
DA:82,1
DA:83,1
DA:84,1
DA:85,1
DA:86,1
DA:87,0
DA:88,2
DA:89,1
DA:94,1
DA:95,1
DA:96,1
DA:97,1
DA:99,1
DA:102,1
DA:105,0
DA:106,0
DA:108,0
DA:110,0
DA:114,2
DA:115,1
DA:123,1
DA:124,2
DA:125,1
DA:127,2
DA:128,0
DA:132,2
DA:133,1
DA:134,1
DA:135,1
DA:136,1
DA:137,2
DA:138,3
DA:140,3
DA:141,7
DA:142,1
DA:144,0
DA:145,0
DA:146,0
DA:148,0
DA:149,0
DA:154,0
DA:155,0
DA:158,2
DA:159,2
DA:160,1
DA:162,2
DA:163,2
DA:166,1
DA:167,2
DA:168,2
DA:169,1
DA:171,1
DA:172,1
DA:173,2
DA:174,1
DA:175,1
DA:176,1
DA:177,1
DA:179,1
DA:180,1
LF:83
LH:70
end_of_record
SF:lib/screens/journal/trips_list_view.dart
DA:15,1
DA:24,1
DA:25,1
DA:29,1
DA:31,3
DA:32,1
DA:33,1
DA:36,2
DA:38,3
DA:39,1
DA:40,3
DA:41,1
DA:42,0
DA:43,0
DA:44,1
DA:45,1
DA:46,2
DA:47,1
DA:49,1
DA:50,5
DA:52,2
DA:53,2
DA:54,4
DA:55,1
DA:56,2
DA:58,4
DA:60,0
DA:69,0
DA:71,0
DA:72,0
DA:74,0
DA:75,0
DA:76,0
DA:77,0
DA:78,0
DA:80,0
DA:82,0
DA:93,0
DA:94,0
DA:95,0
DA:96,0
LF:41
LH:24
end_of_record
SF:lib/screens/journal/journal_edit_bar.dart
DA:9,0
DA:16,0
DA:18,0
DA:20,0
DA:30,0
DA:32,0
DA:34,0
DA:35,0
DA:36,0
DA:37,0
DA:39,0
DA:41,0
DA:42,0
DA:45,0
DA:46,0
DA:47,0
DA:49,0
DA:51,0
DA:52,0
DA:55,0
DA:56,0
DA:57,0
DA:59,0
DA:61,0
DA:62,0
LF:25
LH:0
end_of_record
SF:lib/screens/journal/trips_list.dart
DA:16,2
DA:23,2
DA:25,2
DA:27,4
DA:29,2
DA:31,2
DA:32,2
DA:33,2
DA:34,4
DA:36,2
DA:37,0
DA:38,0
DA:39,2
DA:40,2
DA:41,4
DA:42,2
DA:44,2
DA:45,8
DA:47,2
DA:49,6
DA:50,2
DA:55,0
DA:57,0
DA:58,0
DA:60,0
DA:62,0
DA:63,0
DA:68,4
DA:74,0
DA:75,0
DA:76,0
DA:77,0
LF:32
LH:20
end_of_record
SF:lib/screens/journal/journal_detail/donation_box.dart
DA:9,2
DA:11,2
DA:13,4
DA:14,6
DA:15,2
DA:17,2
DA:18,2
DA:21,2
DA:23,2
DA:26,2
DA:27,2
DA:28,4
DA:34,2
LF:13
LH:13
end_of_record
SF:lib/screens/journal/journal_detail/journal_entry_context_menu.dart
DA:15,2
DA:25,2
DA:27,2
DA:29,2
DA:30,2
DA:31,0
DA:32,0
DA:33,0
DA:34,0
DA:37,0
DA:39,0
DA:42,0
DA:45,0
DA:46,0
DA:49,0
DA:50,0
DA:54,2
DA:55,0
DA:56,0
DA:57,0
DA:58,0
DA:61,0
DA:63,0
DA:64,0
DA:68,2
DA:69,0
DA:70,0
DA:71,0
DA:72,0
DA:75,0
DA:78,0
DA:83,4
LF:32
LH:8
end_of_record
SF:lib/screens/journal/journal_detail/purpose_box.dart
DA:8,1
DA:10,1
DA:15,1
DA:16,1
DA:17,1
DA:20,1
DA:23,1
DA:24,1
DA:25,1
DA:27,2
DA:36,1
LF:11
LH:11
end_of_record
SF:lib/screens/journal/journal_detail/vehicle_box.dart
DA:15,2
DA:16,2
DA:17,2
DA:18,2
DA:20,2
DA:22,2
DA:24,2
DA:25,4
DA:26,2
DA:29,2
DA:32,2
DA:33,8
DA:34,2
DA:35,2
DA:36,2
DA:37,2
DA:38,4
DA:39,2
DA:40,2
DA:41,2
DA:42,2
DA:43,6
LF:22
LH:22
end_of_record
SF:lib/screens/journal/journal_entry_detail_view/components/description.dart
DA:18,2
DA:23,2
DA:25,2
DA:26,2
DA:30,2
DA:32,6
DA:33,8
DA:34,4
DA:39,2
DA:41,6
DA:42,8
DA:43,4
DA:48,2
DA:49,4
DA:52,2
DA:53,4
DA:56,2
DA:58,2
DA:61,2
DA:63,2
DA:64,2
DA:65,2
DA:66,2
DA:67,4
DA:68,4
DA:69,1
DA:70,3
DA:71,4
DA:75,2
DA:76,12
DA:77,0
DA:78,0
DA:79,0
DA:82,2
DA:83,0
DA:84,0
DA:85,0
DA:87,4
DA:88,4
DA:93,6
DA:95,2
DA:96,2
DA:97,2
DA:99,2
DA:100,2
DA:101,12
DA:102,2
DA:103,2
DA:104,4
DA:105,2
DA:106,2
DA:107,0
DA:113,2
DA:115,2
DA:117,2
DA:118,2
DA:119,12
DA:120,2
DA:121,2
DA:122,4
DA:123,2
DA:124,2
DA:125,2
DA:134,2
DA:135,2
DA:136,2
DA:138,2
DA:139,2
DA:140,12
DA:141,2
DA:142,2
DA:143,4
DA:144,2
DA:145,2
DA:146,2
DA:147,0
DA:148,0
DA:149,0
DA:155,2
DA:157,2
DA:159,2
DA:160,2
DA:161,12
DA:162,2
DA:163,2
DA:164,4
DA:165,4
DA:167,2
DA:168,0
DA:169,0
DA:179,2
DA:180,2
DA:181,2
DA:182,2
DA:183,6
DA:184,2
DA:186,10
DA:187,2
LF:98
LH:86
end_of_record
SF:lib/screens/journal/journal_entry_detail_view/components/details.dart
DA:19,2
DA:28,2
DA:29,2
DA:33,2
DA:35,4
DA:36,2
DA:38,4
DA:39,2
DA:40,2
DA:41,4
DA:43,6
DA:45,1
DA:47,1
DA:48,2
DA:53,1
DA:54,3
DA:55,2
DA:60,2
DA:63,2
DA:66,2
DA:67,4
DA:69,2
DA:71,4
DA:72,4
DA:73,10
DA:74,6
DA:76,2
DA:78,0
DA:79,0
DA:81,0
DA:83,0
DA:84,0
DA:89,1
DA:90,3
DA:91,2
DA:96,1
DA:97,3
DA:98,2
DA:104,2
DA:106,4
DA:107,2
DA:108,2
DA:109,4
DA:111,6
DA:113,0
DA:115,0
DA:116,0
DA:121,0
DA:122,0
DA:123,0
DA:128,0
DA:131,0
LF:52
LH:39
end_of_record
SF:lib/screens/journal/journal_entry_detail_view/components/edit_context.dart
DA:14,2
DA:21,2
DA:23,2
DA:38,2
DA:39,2
DA:40,2
DA:41,2
DA:42,2
DA:43,2
DA:44,2
DA:45,6
DA:48,2
DA:50,2
DA:55,2
DA:56,2
DA:64,2
DA:65,2
DA:67,4
DA:71,2
DA:72,2
DA:74,0
DA:75,0
DA:78,2
DA:80,2
DA:81,4
DA:82,2
LF:26
LH:24
end_of_record
SF:lib/screens/journal/journal_entry_detail_view/journal_entry_detail_view_wrapper.dart
DA:19,2
DA:20,2
DA:22,2
DA:23,2
DA:29,2
DA:30,6
DA:33,0
DA:34,0
DA:35,0
DA:36,0
DA:37,0
DA:41,0
DA:42,0
DA:44,0
DA:45,0
DA:48,0
DA:50,0
DA:51,0
DA:52,0
DA:53,0
DA:61,2
DA:63,2
DA:65,2
DA:67,2
DA:68,2
DA:70,2
DA:72,1
DA:73,2
DA:77,2
DA:80,0
DA:81,0
DA:86,2
DA:87,2
DA:88,2
DA:89,4
DA:90,2
DA:92,2
DA:93,2
DA:94,4
DA:97,2
DA:98,4
DA:99,6
DA:100,6
DA:101,2
DA:106,2
DA:107,6
DA:108,1
DA:109,3
DA:110,1
DA:112,6
DA:113,1
DA:114,3
DA:115,1
DA:117,6
DA:118,0
DA:119,0
DA:120,0
DA:125,2
DA:127,2
DA:128,2
DA:129,8
DA:130,1
DA:131,1
DA:132,2
DA:133,1
DA:135,1
DA:136,1
DA:137,4
DA:138,1
DA:139,2
DA:140,1
DA:143,2
DA:144,4
DA:145,2
DA:146,2
DA:147,8
DA:148,2
DA:150,0
DA:151,0
DA:152,0
DA:154,0
DA:155,0
DA:156,0
DA:157,0
DA:158,0
DA:159,0
DA:160,0
LF:87
LH:58
end_of_record
SF:lib/screens/journal/journal_subtitle.dart
DA:9,2
DA:11,2
DA:13,6
DA:14,2
DA:16,2
DA:28,2
DA:30,2
DA:32,4
LF:8
LH:8
end_of_record
SF:lib/screens/onboarding/accept_terms_widget.dart
DA:11,1
DA:12,1
DA:14,1
DA:15,1
DA:21,1
DA:23,1
DA:24,1
DA:25,1
DA:27,1
DA:28,1
DA:30,1
DA:31,1
DA:32,2
DA:33,1
DA:35,4
DA:38,1
DA:39,1
DA:40,0
DA:41,0
DA:42,0
DA:44,0
DA:46,1
DA:48,2
DA:49,1
DA:59,2
DA:60,1
DA:62,1
DA:63,0
DA:65,0
DA:67,0
DA:68,0
DA:69,0
DA:70,0
DA:72,0
DA:75,1
DA:77,2
LF:36
LH:25
end_of_record
SF:lib/screens/onboarding/item_divider.dart
DA:4,16
DA:6,1
LF:2
LH:2
end_of_record
SF:lib/screens/onboarding/choose_login_process_screen.dart
DA:14,4
DA:16,1
DA:18,1
DA:22,1
DA:24,1
DA:33,1
DA:35,1
DA:36,1
DA:38,3
DA:41,1
DA:44,1
DA:45,1
DA:47,3
LF:13
LH:13
end_of_record
SF:lib/screens/onboarding/sign_in_screen.dart
DA:15,1
DA:17,1
DA:18,1
DA:25,1
DA:27,1
DA:30,1
DA:32,1
DA:34,3
DA:35,3
DA:36,3
DA:37,1
DA:38,3
DA:41,0
DA:42,0
DA:44,0
DA:47,0
DA:50,0
DA:54,0
DA:56,0
DA:57,0
DA:59,0
DA:60,0
DA:62,0
DA:63,0
DA:70,2
DA:71,1
DA:74,1
DA:77,1
DA:80,1
LF:29
LH:17
end_of_record
SF:lib/screens/onboarding/sign_up_screen.dart
DA:16,4
DA:18,1
DA:19,1
DA:29,1
DA:31,1
DA:33,1
DA:34,1
DA:35,1
DA:37,1
DA:38,3
DA:40,3
DA:41,3
DA:42,3
DA:44,1
DA:45,1
DA:49,0
DA:50,0
DA:54,0
DA:58,0
DA:62,0
DA:67,0
DA:69,0
DA:70,0
DA:71,0
DA:72,0
DA:74,0
DA:75,0
DA:83,1
DA:84,2
DA:85,1
DA:88,1
DA:91,1
DA:94,1
DA:98,1
DA:99,1
DA:100,1
DA:102,1
DA:106,1
DA:112,1
DA:115,1
DA:119,1
DA:121,1
DA:122,1
DA:123,2
DA:124,1
LF:45
LH:33
end_of_record
SF:lib/screens/onboarding/simple_onboarding_screen.dart
DA:12,1
DA:20,1
DA:21,1
DA:27,1
DA:28,2
DA:29,1
DA:33,1
DA:35,1
DA:36,1
DA:37,1
DA:38,1
DA:40,1
DA:41,1
DA:42,1
DA:43,1
DA:44,2
DA:45,1
DA:46,1
DA:48,1
DA:52,3
DA:54,1
DA:56,2
DA:61,2
DA:62,1
DA:65,1
DA:66,2
DA:68,1
DA:69,1
DA:70,1
DA:71,2
DA:72,3
DA:74,1
LF:32
LH:32
end_of_record
SF:lib/screens/onboarding/enter_code_screen.dart
DA:11,4
DA:13,1
DA:14,1
DA:20,0
DA:21,0
DA:25,1
DA:27,3
DA:28,1
DA:29,0
DA:30,1
DA:33,1
DA:34,1
DA:35,3
DA:37,1
DA:38,1
DA:39,1
DA:42,1
DA:44,2
LF:18
LH:15
end_of_record
SF:lib/screens/onboarding/text_info_screen.dart
DA:15,4
DA:21,1
DA:23,3
DA:24,1
DA:25,1
DA:27,1
DA:28,2
DA:29,3
DA:31,1
DA:32,2
DA:33,1
DA:34,1
DA:35,1
DA:37,1
DA:38,1
DA:39,2
DA:42,1
LF:17
LH:17
end_of_record
SF:lib/screens/onboarding/join_project_screen.dart
DA:15,4
DA:17,1
DA:18,1
DA:24,1
DA:26,1
DA:29,1
DA:30,5
DA:33,0
DA:35,0
DA:38,0
DA:39,0
DA:41,0
DA:42,0
DA:50,3
DA:51,0
DA:53,0
DA:56,0
DA:57,0
DA:59,0
DA:60,0
DA:68,1
DA:69,3
DA:71,2
DA:72,1
DA:75,1
DA:82,1
DA:85,0
DA:86,0
DA:87,0
LF:29
LH:14
end_of_record
SF:lib/screens/onboarding/questionnaire_screen.dart
DA:12,1
DA:14,1
DA:15,1
DA:19,1
DA:21,3
DA:23,1
DA:26,1
DA:27,3
DA:30,1
DA:31,1
DA:32,1
DA:33,1
DA:34,1
DA:36,1
DA:42,1
LF:15
LH:15
end_of_record
SF:lib/screens/onboarding/welcome_screen.dart
DA:9,4
DA:11,1
DA:13,1
DA:16,1
DA:17,1
DA:19,1
DA:20,1
DA:21,1
DA:24,1
DA:27,1
DA:30,1
DA:31,1
DA:33,1
LF:13
LH:13
end_of_record
SF:lib/screens/profile/question_tiles_builder.dart
DA:12,4
DA:18,0
DA:24,0
DA:25,0
DA:26,0
DA:28,0
DA:30,0
DA:31,0
DA:32,0
DA:33,0
DA:36,0
DA:38,0
DA:39,0
DA:47,4
DA:49,12
DA:50,12
DA:53,8
DA:54,4
DA:56,12
DA:57,4
DA:60,0
DA:64,0
DA:65,0
DA:68,0
DA:73,8
DA:75,12
DA:76,8
DA:77,0
DA:83,4
DA:85,12
DA:87,4
DA:89,0
DA:90,0
DA:99,4
DA:101,12
DA:102,4
DA:104,4
DA:105,1
DA:109,1
DA:110,3
DA:111,2
DA:115,1
DA:117,1
DA:118,2
DA:119,2
DA:122,0
DA:125,1
DA:126,1
DA:127,2
DA:130,0
DA:134,4
DA:139,0
DA:140,0
DA:142,0
DA:143,0
DA:147,0
DA:148,0
DA:150,0
DA:151,0
LF:59
LH:30
end_of_record
SF:lib/screens/profile/profile_screen.dart
DA:14,8
DA:16,4
DA:17,4
DA:22,4
DA:33,0
DA:37,0
DA:39,0
DA:40,0
DA:41,0
DA:42,0
DA:45,0
DA:46,0
DA:54,4
DA:56,4
DA:58,4
DA:60,4
DA:61,4
DA:65,4
DA:66,4
DA:67,12
DA:68,4
DA:69,4
DA:70,4
DA:72,4
DA:75,8
DA:76,4
DA:78,4
DA:79,0
DA:80,0
DA:81,0
DA:82,0
DA:86,4
DA:87,4
DA:88,4
DA:89,4
DA:90,4
DA:91,4
DA:92,4
DA:93,4
DA:95,8
DA:96,4
DA:98,8
DA:103,4
DA:104,4
DA:105,4
DA:106,4
DA:107,4
DA:109,8
DA:116,4
DA:117,4
DA:118,4
DA:121,4
DA:122,4
DA:123,4
DA:124,4
DA:125,4
DA:126,4
DA:127,4
DA:128,4
DA:129,4
DA:130,12
DA:131,0
DA:133,0
DA:135,0
DA:138,0
DA:139,0
DA:146,4
DA:147,4
DA:148,4
DA:149,4
DA:150,4
DA:151,4
DA:152,4
DA:153,8
DA:156,1
DA:157,3
DA:158,1
DA:161,4
DA:162,4
DA:163,4
DA:164,4
DA:165,4
DA:166,4
DA:167,4
DA:168,8
DA:171,0
DA:172,0
DA:187,0
DA:188,0
DA:190,0
DA:194,0
DA:195,0
DA:197,0
DA:198,0
DA:201,0
DA:203,0
DA:204,0
DA:205,0
DA:207,0
DA:208,0
DA:216,0
DA:218,0
DA:220,0
DA:221,0
DA:225,0
DA:226,0
DA:228,0
DA:229,0
DA:232,0
DA:234,0
DA:236,0
DA:237,0
DA:238,0
DA:239,0
DA:241,0
DA:242,0
LF:116
LH:68
end_of_record
SF:lib/screens/tracking/map_option_sheet.dart
DA:12,4
DA:14,4
DA:15,4
DA:19,4
DA:21,4
DA:26,4
DA:27,4
DA:33,4
DA:36,4
DA:37,4
DA:40,4
DA:43,4
DA:44,4
DA:45,4
DA:46,4
DA:47,12
DA:48,4
DA:49,4
DA:50,8
DA:51,1
DA:52,3
DA:53,1
DA:54,1
DA:55,1
DA:57,1
DA:58,6
DA:59,1
DA:62,0
DA:67,8
DA:68,4
DA:69,12
DA:70,4
DA:71,4
DA:72,4
DA:75,8
DA:77,3
DA:80,3
DA:82,1
DA:83,6
DA:85,1
DA:88,4
DA:95,4
DA:100,4
DA:101,12
DA:102,4
DA:103,4
DA:104,8
DA:105,1
DA:109,1
DA:111,1
DA:112,1
DA:113,1
DA:116,8
DA:117,4
DA:122,1
DA:124,1
DA:125,1
DA:126,1
DA:128,0
DA:142,0
DA:143,0
DA:144,0
DA:145,0
DA:146,0
DA:150,0
DA:151,0
DA:153,0
DA:154,0
DA:164,4
DA:166,4
DA:168,4
DA:169,4
DA:172,4
DA:174,4
LF:74
LH:63
end_of_record
